2024-09-12 14:08:34 Loading main app package /usr/lib/obsidian/obsidian.asar
2024-09-12 14:08:34 Checking for update using Github
2024-09-12 14:08:35 Success.
2024-09-12 14:08:35 Latest version is 1.6.7
2024-09-12 14:08:35 App is up to date.
2024-09-12 17:43:46 Loading main app package /usr/lib/obsidian/obsidian.asar
2024-09-12 17:43:46 Checking for update using Github
2024-09-12 17:43:47 Success.
2024-09-12 17:43:47 Latest version is 1.6.7
2024-09-12 17:43:47 App is up to date.
2024-09-12 20:10:00 Loading main app package /usr/lib/obsidian/obsidian.asar
2024-09-12 20:10:01 Checking for update using Github
2024-09-12 20:10:01 Success.
2024-09-12 20:10:01 Latest version is 1.6.7
2024-09-12 20:10:01 App is up to date.
2024-09-13 04:45:57 Loading main app package /usr/lib/obsidian/obsidian.asar
2024-09-13 04:45:58 Checking for update using Github
2024-09-13 04:45:59 Success.
2024-09-13 04:45:59 Latest version is 1.6.7
2024-09-13 04:45:59 App is up to date.
2024-09-17 15:02:34 Loading main app package /usr/lib/obsidian/obsidian.asar
2024-09-17 15:02:35 Checking for update using Github
2024-09-17 15:02:35 Success.
2024-09-17 15:02:35 Latest version is 1.6.7
2024-09-17 15:02:35 App is up to date.
2024-09-17 19:19:08 Loading main app package /usr/lib/obsidian/obsidian.asar
2024-09-17 19:19:09 Checking for update using Github
2024-09-17 19:19:09 Success.
2024-09-17 19:19:09 Latest version is 1.6.7
2024-09-17 19:19:09 App is up to date.
2024-09-17 20:38:24 Loading main app package /usr/lib/obsidian/obsidian.asar
2024-09-17 20:38:24 Checking for update using Github
2024-09-17 20:38:25 Success.
2024-09-17 20:38:25 Latest version is 1.6.7
2024-09-17 20:38:25 App is up to date.
2024-09-17 20:39:32 Loading main app package /usr/lib/obsidian/obsidian.asar
2024-09-17 20:39:33 Checking for update using Github
2024-09-17 20:39:33 Success.
2024-09-17 20:39:33 Latest version is 1.6.7
2024-09-17 20:39:33 App is up to date.
2024-09-17 20:42:18 Loading main app package /usr/lib/obsidian/obsidian.asar
2024-09-17 20:42:18 Checking for update using Github
2024-09-17 20:42:18 Success.
2024-09-17 20:42:18 Latest version is 1.6.7
2024-09-17 20:42:18 App is up to date.
